#
# There is insufficient memory for the Java Runtime Environment to continue.
# Native memory allocation (mmap) failed to map 62914560 bytes for G1 virtual space
# Possible reasons:
#   The system is out of physical RAM or swap space
#   The process is running with CompressedOops enabled, and the Java Heap may be blocking the growth of the native heap
# Possible solutions:
#   Reduce memory load on the system
#   Increase physical memory or swap space
#   Check if swap backing store is full
#   Decrease Java heap size (-Xmx/-Xms)
#   Decrease number of Java threads
#   Decrease Java thread stack sizes (-Xss)
#   Set larger code cache with -XX:ReservedCodeCacheSize=
#   JVM is running with Unscaled Compressed Oops mode in which the Java heap is
#     placed in the first 4GB address space. The Java Heap base address is the
#     maximum limit for the native heap growth. Please use -XX:HeapBaseMinAddress
#     to set the Java Heap base and to place the Java Heap above 4GB virtual address.
# This output file may be truncated or incomplete.
#
#  Out of Memory Error (os_windows.cpp:3552), pid=25436, tid=24712
#
# JRE version:  (17.0.9+11) (build )
# Java VM: Java HotSpot(TM) 64-Bit Server VM (17.0.9+11-LTS-201, mixed mode, emulated-client, sharing, tiered, compressed oops, compressed class ptrs, g1 gc, windows-amd64)
# No core dump will be written. Minidumps are not enabled by default on client versions of Windows
#

---------------  S U M M A R Y ------------

Command Line: -XX:TieredStopAtLevel=1 -Dspring.output.ansi.enabled=always -Dcom.sun.management.jmxremote -Dspring.jmx.enabled=true -Dspring.liveBeansView.mbeanDomain -Dspring.application.admin.enabled=true -Dmanagement.endpoints.jmx.exposure.include=* -javaagent:C:\Program Files\JetBrains\IntelliJ IDEA 2023.2.5\lib\idea_rt.jar=59548:C:\Program Files\JetBrains\IntelliJ IDEA 2023.2.5\bin -Dfile.encoding=UTF-8 com.liquorlogic.orderservice.OrderServiceApplication

Host: 11th Gen Intel(R) Core(TM) i3-1115G4 @ 3.00GHz, 4 cores, 3G,  Windows 10 , 64 bit Build 19041 (10.0.19041.3636)
Time: Sat May 11 13:27:38 2024 Sri Lanka Standard Time elapsed time: 0.233075 seconds (0d 0h 0m 0s)

---------------  T H R E A D  ---------------

Current thread (0x000002bf1520d3c0):  JavaThread "Unknown thread" [_thread_in_vm, id=24712, stack(0x000000da77b00000,0x000000da77c00000)]

Stack: [0x000000da77b00000,0x000000da77c00000]
Native frames: (J=compiled Java code, j=interpreted, Vv=VM code, C=native code)
V  [jvm.dll+0x678a4a]
V  [jvm.dll+0x7d9cfd]
V  [jvm.dll+0x7db60e]
V  [jvm.dll+0x7dbc73]
V  [jvm.dll+0x245e1f]
V  [jvm.dll+0x6758f9]
V  [jvm.dll+0x66a2a2]
V  [jvm.dll+0x303686]
V  [jvm.dll+0x30ac06]
V  [jvm.dll+0x35a48e]
V  [jvm.dll+0x35a6bf]
V  [jvm.dll+0x2da678]
V  [jvm.dll+0x2db5e4]
V  [jvm.dll+0x7ab6b1]
V  [jvm.dll+0x368041]
V  [jvm.dll+0x78a749]
V  [jvm.dll+0x3ebd4f]
V  [jvm.dll+0x3ed7d1]
C  [jli.dll+0x5297]
C  [ucrtbase.dll+0x21bb2]
C  [KERNEL32.DLL+0x17344]
C  [ntdll.dll+0x526b1]


---------------  P R O C E S S  ---------------

Threads class SMR info:
_java_thread_list=0x00007ffd1d9b89d8, length=0, elements={
}

Java Threads: ( => current thread )

Other Threads:
  0x000002bf15246bc0 GCTaskThread "GC Thread#0" [stack: 0x000000da77c00000,0x000000da77d00000] [id=4512]
  0x000002bf152500d0 ConcurrentGCThread "G1 Main Marker" [stack: 0x000000da77d00000,0x000000da77e00000] [id=28292]
  0x000002bf15250890 ConcurrentGCThread "G1 Conc#0" [stack: 0x000000da77e00000,0x000000da77f00000] [id=28036]

[error occurred during error reporting (printing all threads), id 0xc0000005, EXCEPTION_ACCESS_VIOLATION (0xc0000005) at pc=0x00007ffd1d1eb2d7]

VM state: not at safepoint (not fully initialized)

VM Mutex/Monitor currently owned by a thread:  ([mutex/lock_event])
[0x000002bf1520aa40] Heap_lock - owner thread: 0x000002bf1520d3c0

Heap address: 0x00000000c4000000, size: 960 MB, Compressed Oops mode: 32-bit

CDS archive(s) mapped at: [0x0000000000000000-0x0000000000000000-0x0000000000000000), size 0, SharedBaseAddress: 0x0000000800000000, ArchiveRelocationMode: 1.
Narrow klass base: 0x0000000000000000, Narrow klass shift: 0, Narrow klass range: 0x0

GC Precious Log:
<Empty>

Heap:
 garbage-first heap   total 0K, used 0K [0x00000000c4000000, 0x0000000100000000)
  region size 1024K, 0 young (0K), 0 survivors (0K)

[error occurred during error reporting (printing heap information), id 0xc0000005, EXCEPTION_ACCESS_VIOLATION (0xc0000005) at pc=0x00007ffd1d5d2229]

GC Heap History (0 events):
No events

Deoptimization events (0 events):
No events

Classes unloaded (0 events):
No events

Classes redefined (0 events):
No events

Internal exceptions (0 events):
No events

VM Operations (0 events):
No events

Events (1 events):
Event: 0.143 Loaded shared library C:\Program Files\Java\jdk-17\bin\java.dll


Dynamic libraries:
0x00007ff6a24f0000 - 0x00007ff6a2500000 	C:\Program Files\Java\jdk-17\bin\java.exe
0x00007ffd9a8f0000 - 0x00007ffd9aae8000 	C:\Windows\SYSTEM32\ntdll.dll
0x00007ffd99240000 - 0x00007ffd992fd000 	C:\Windows\System32\KERNEL32.DLL
0x00007ffd98270000 - 0x00007ffd98566000 	C:\Windows\System32\KERNELBASE.dll
0x00007ffd98570000 - 0x00007ffd98670000 	C:\Windows\System32\ucrtbase.dll
0x00007ffd7a230000 - 0x00007ffd7a249000 	C:\Program Files\Java\jdk-17\bin\jli.dll
0x00007ffd9a4e0000 - 0x00007ffd9a590000 	C:\Windows\System32\ADVAPI32.dll
0x00007ffd99580000 - 0x00007ffd9961e000 	C:\Windows\System32\msvcrt.dll
0x00007ffd9a440000 - 0x00007ffd9a4e0000 	C:\Windows\System32\sechost.dll
0x00007ffd99870000 - 0x00007ffd99993000 	C:\Windows\System32\RPCRT4.dll
0x00007ffd988f0000 - 0x00007ffd98917000 	C:\Windows\System32\bcrypt.dll
0x00007ffd89220000 - 0x00007ffd8923b000 	C:\Program Files\Java\jdk-17\bin\VCRUNTIME140.dll
0x00007ffd9a600000 - 0x00007ffd9a79f000 	C:\Windows\System32\USER32.dll
0x00007ffd97fa0000 - 0x00007ffd97fc2000 	C:\Windows\System32\win32u.dll
0x00007ffd9a880000 - 0x00007ffd9a8ab000 	C:\Windows\System32\GDI32.dll
0x00007ffd987d0000 - 0x00007ffd988e7000 	C:\Windows\System32\gdi32full.dll
0x00007ffd98040000 - 0x00007ffd980dd000 	C:\Windows\System32\msvcp_win.dll
0x00007ffd7c3d0000 - 0x00007ffd7c66a000 	C:\Windows\WinSxS\amd64_microsoft.windows.common-controls_6595b64144ccf1df_6.0.19041.4355_none_60b8b9eb71f62e16\COMCTL32.dll
0x00007ffd97bf0000 - 0x00007ffd97bfa000 	C:\Windows\SYSTEM32\VERSION.dll
0x00007ffd98d90000 - 0x00007ffd98dc2000 	C:\Windows\System32\IMM32.DLL
0x000000005cae0000 - 0x000000005caec000 	C:\Program Files (x86)\360\Total Security\safemon\SafeWrapper.dll
0x00007ffd631f0000 - 0x00007ffd63282000 	C:\Program Files (x86)\360\Total Security\safemon\libzdtp64.dll
0x00007ffd99cc0000 - 0x00007ffd9a42d000 	C:\Windows\System32\SHELL32.dll
0x00007ffd98920000 - 0x00007ffd98975000 	C:\Windows\System32\SHLWAPI.dll
0x00007ffd8cd80000 - 0x00007ffd8cd8c000 	C:\Program Files\Java\jdk-17\bin\vcruntime140_1.dll
0x00007ffd57900000 - 0x00007ffd5798e000 	C:\Program Files\Java\jdk-17\bin\msvcp140.dll
0x00007ffd1cf00000 - 0x00007ffd1dae1000 	C:\Program Files\Java\jdk-17\bin\server\jvm.dll
0x00007ffd9a590000 - 0x00007ffd9a598000 	C:\Windows\System32\PSAPI.DLL
0x00007ffd773c0000 - 0x00007ffd773e7000 	C:\Windows\SYSTEM32\WINMM.dll
0x00007ffd90e10000 - 0x00007ffd90e19000 	C:\Windows\SYSTEM32\WSOCK32.dll
0x00007ffd99510000 - 0x00007ffd9957b000 	C:\Windows\System32\WS2_32.dll
0x00007ffd96700000 - 0x00007ffd96712000 	C:\Windows\SYSTEM32\kernel.appcore.dll
0x00007ffd8c990000 - 0x00007ffd8c99a000 	C:\Program Files\Java\jdk-17\bin\jimage.dll
0x00007ffd95af0000 - 0x00007ffd95cd4000 	C:\Windows\SYSTEM32\DBGHELP.DLL
0x00007ffd74270000 - 0x00007ffd742a4000 	C:\Windows\SYSTEM32\dbgcore.DLL
0x00007ffd981e0000 - 0x00007ffd98262000 	C:\Windows\System32\bcryptPrimitives.dll
0x00007ffd7f380000 - 0x00007ffd7f38e000 	C:\Program Files\Java\jdk-17\bin\instrument.dll
0x00007ffd78cd0000 - 0x00007ffd78cf5000 	C:\Program Files\Java\jdk-17\bin\java.dll

dbghelp: loaded successfully - version: 4.0.5 - missing functions: none
symbol engine: initialized successfully - sym options: 0x614 - pdb path: .;C:\Program Files\Java\jdk-17\bin;C:\Windows\SYSTEM32;C:\Windows\WinSxS\amd64_microsoft.windows.common-controls_6595b64144ccf1df_6.0.19041.4355_none_60b8b9eb71f62e16;C:\Program Files (x86)\360\Total Security\safemon;C:\Program Files\Java\jdk-17\bin\server

VM Arguments:
jvm_args: -XX:TieredStopAtLevel=1 -Dspring.output.ansi.enabled=always -Dcom.sun.management.jmxremote -Dspring.jmx.enabled=true -Dspring.liveBeansView.mbeanDomain -Dspring.application.admin.enabled=true -Dmanagement.endpoints.jmx.exposure.include=* -javaagent:C:\Program Files\JetBrains\IntelliJ IDEA 2023.2.5\lib\idea_rt.jar=59548:C:\Program Files\JetBrains\IntelliJ IDEA 2023.2.5\bin -Dfile.encoding=UTF-8 
java_command: com.liquorlogic.orderservice.OrderServiceApplication
java_class_path (initial): D:\My Work Place REST\Cypso Labs\LiquorLogic\order-service\target\classes;C:\Users\HP\.m2\repository\org\springframework\boot\spring-boot-starter-data-jpa\3.2.0\spring-boot-starter-data-jpa-3.2.0.jar;C:\Users\HP\.m2\repository\org\springframework\boot\spring-boot-starter-aop\3.2.0\spring-boot-starter-aop-3.2.0.jar;C:\Users\HP\.m2\repository\org\springframework\spring-aop\6.1.1\spring-aop-6.1.1.jar;C:\Users\HP\.m2\repository\org\aspectj\aspectjweaver\1.9.20.1\aspectjweaver-1.9.20.1.jar;C:\Users\HP\.m2\repository\org\springframework\boot\spring-boot-starter-jdbc\3.2.0\spring-boot-starter-jdbc-3.2.0.jar;C:\Users\HP\.m2\repository\com\zaxxer\HikariCP\5.0.1\HikariCP-5.0.1.jar;C:\Users\HP\.m2\repository\org\springframework\spring-jdbc\6.1.1\spring-jdbc-6.1.1.jar;C:\Users\HP\.m2\repository\org\hibernate\orm\hibernate-core\6.3.1.Final\hibernate-core-6.3.1.Final.jar;C:\Users\HP\.m2\repository\jakarta\persistence\jakarta.persistence-api\3.1.0\jakarta.persistence-api-3.1.0.jar;C:\Users\HP\.m2\repository\jakarta\transaction\jakarta.transaction-api\2.0.1\jakarta.transaction-api-2.0.1.jar;C:\Users\HP\.m2\repository\org\jboss\logging\jboss-logging\3.5.3.Final\jboss-logging-3.5.3.Final.jar;C:\Users\HP\.m2\repository\org\hibernate\common\hibernate-commons-annotations\6.0.6.Final\hibernate-commons-annotations-6.0.6.Final.jar;C:\Users\HP\.m2\repository\io\smallrye\jandex\3.1.2\jandex-3.1.2.jar;C:\Users\HP\.m2\repository\com\fasterxml\classmate\1.6.0\classmate-1.6.0.jar;C:\Users\HP\.m2\repository\net\bytebuddy\byte-buddy\1.14.10\byte-buddy-1.14.10.jar;C:\Users\HP\.m2\repository\org\glassfish\jaxb\jaxb-runtime\4.0.4\jaxb-runtime-4.0.4.jar;C:\Users\HP\.m2\repository\org\glassfish\jaxb\jaxb-core\4.0.4\jaxb-core-4.0.4.jar;C:\Users\HP\.m2\repository\org\eclipse\angus\angus-activation\2.0.1\angus-activation-2.0.1.jar;C:\Users\HP\.m2\repository\org\glassfish\jaxb\txw2\4.0.4\txw2-4.0.4.jar;C:\Users\HP\.m2\repository\com\sun\istack\istack-commons-runtime\4.1.2\istac
Launcher Type: SUN_STANDARD

[Global flags]
     intx CICompilerCount                          = 3                                         {product} {ergonomic}
     uint ConcGCThreads                            = 1                                         {product} {ergonomic}
     uint G1ConcRefinementThreads                  = 4                                         {product} {ergonomic}
   size_t G1HeapRegionSize                         = 1048576                                   {product} {ergonomic}
    uintx GCDrainStackTargetSize                   = 64                                        {product} {ergonomic}
   size_t InitialHeapSize                          = 62914560                                  {product} {ergonomic}
     bool ManagementServer                         = true                                      {product} {command line}
   size_t MarkStackSize                            = 4194304                                   {product} {ergonomic}
   size_t MaxHeapSize                              = 1006632960                                {product} {ergonomic}
   size_t MinHeapDeltaBytes                        = 1048576                                   {product} {ergonomic}
   size_t MinHeapSize                              = 8388608                                   {product} {ergonomic}
    uintx NonProfiledCodeHeapSize                  = 0                                      {pd product} {ergonomic}
     bool ProfileInterpreter                       = false                                  {pd product} {command line}
    uintx ProfiledCodeHeapSize                     = 0                                      {pd product} {ergonomic}
   size_t SoftMaxHeapSize                          = 1006632960                             {manageable} {ergonomic}
     intx TieredStopAtLevel                        = 1                                         {product} {command line}
     bool UseCompressedClassPointers               = true                           {product lp64_product} {ergonomic}
     bool UseCompressedOops                        = true                           {product lp64_product} {ergonomic}
     bool UseG1GC                                  = true                                      {product} {ergonomic}
     bool UseLargePagesIndividualAllocation        = false                                  {pd product} {ergonomic}

Logging:
Log output configuration:
 #0: stdout all=warning uptime,level,tags
 #1: stderr all=off uptime,level,tags

Environment Variables:
PATH=C:\Program Files\Python312\Scripts\;C:\Program Files\Python312\;C:\Program Files\Common Files\Oracle\Java\javapath;C:\Program Files (x86)\Common Files\Oracle\Java\javapath;C:\Windows\system32;C:\Windows;C:\Windows\System32\Wbem;C:\Windows\System32\WindowsPowerShell\v1.0\;C:\Windows\System32\OpenSSH\;C:\Program Files\Java\jdk1.8.0_271\bin;C:\Program Files\MySQL\MySQL Server 8.0\bin;C:\Program Files\Java\jdk-17;C:\Program Files\RedHat\Podman\;C:\Program Files\Docker\Docker\resources\bin;C:\Program Files\nodejs\;C:\Program Files\Git\cmd;C:\Program Files\MySQL\MySQL Shell 8.0\bin\;C:\Users\HP\AppData\Local\Microsoft\WindowsApps;C:\Program Files\JetBrains\IntelliJ IDEA 2023.2.5\bin;;C:\Users\HP\AppData\Local\Programs\Microsoft VS Code\bin;:\Program Files\MongoDB\Server\6.0\bin;C:\Users\HP\Downloads\Mongo Shell\mongosh-1.9.0-win32-x64\bin;C:\Program Files\JetBrains\PyCharm 2023.2.5\bin;;C:\Program Files\JetBrains\PyCharm Community Edition 2023.2.5\bin;;C:\Users\HP\AppData\Roaming\npm;C:\Users\HP\AppData\Local\GitHubDesktop\bin
USERNAME=HP
OS=Windows_NT
PROCESSOR_IDENTIFIER=Intel64 Family 6 Model 140 Stepping 1, GenuineIntel



---------------  S Y S T E M  ---------------

OS:
 Windows 10 , 64 bit Build 19041 (10.0.19041.3636)
OS uptime: 1 days 1:16 hours
Hyper-V role detected

CPU: total 4 (initial active 4) (2 cores per cpu, 2 threads per core) family 6 model 140 stepping 1 microcode 0x86, cx8, cmov, fxsr, ht, mmx, 3dnowpref, sse, sse2, sse3, ssse3, sse4.1, sse4.2, popcnt, lzcnt, tsc, tscinvbit, avx, avx2, aes, erms, clmul, bmi1, bmi2, adx, avx512f, avx512dq, avx512cd, avx512bw, avx512vl, sha, fma, vzeroupper, avx512_vpopcntdq, avx512_vpclmulqdq, avx512_vaes, avx512_vnni, clflush, clflushopt, clwb, avx512_vbmi2, avx512_vbmi, hv

Memory: 4k page, system-wide physical 3836M (44M free)
TotalPageFile size 15612M (AvailPageFile size 57M)
current process WorkingSet (physical memory assigned to process): 10M, peak: 10M
current process commit charge ("private bytes"): 47M, peak: 107M

vm_info: Java HotSpot(TM) 64-Bit Server VM (17.0.9+11-LTS-201) for windows-amd64 JRE (17.0.9+11-LTS-201), built on Oct 10 2023 23:16:06 by "mach5one" with MS VC++ 17.1 (VS2022)

END.
